<?xml version="1.0" encoding="UTF-8"?>
<testsuite name="com.akoolla.adventofcode.CalibrationDecoderTests" tests="3" skipped="0" failures="0" errors="0" timestamp="2023-12-02T19:56:59" hostname="OVO-RWJ5T2JMF3.local" time="0.031">
  <properties/>
  <testcase name="canGetDigitsFromLine()" classname="com.akoolla.adventofcode.CalibrationDecoderTests" time="0.021"/>
  <testcase name="canSumDigitsFromMultipleLines()" classname="com.akoolla.adventofcode.CalibrationDecoderTests" time="0.0"/>
  <testcase name="canDecodeAndSumDay001File()" classname="com.akoolla.adventofcode.CalibrationDecoderTests" time="0.008"/>
  <system-out><![CDATA[]]></system-out>
  <system-err><![CDATA[]]></system-err>
</testsuite>
